C:\OPENGL-PROGS\DEMO1PROG1\MUNDOVIRTUAL_V3\DEBUG\MUNDOVIRTUAL.EXE
C:\OPENGL-PROGS\DEMO1PROG1\MUNDOVIRTUAL_V3\DEBUG\MUNDOVIRTUAL.ILK
C:\OPENGL-PROGS\DEMO1PROG1\MUNDOVIRTUAL_V3\DEBUG\MUNDOVIRTUAL.PDB
C:\OpenGL-Progs\Demo1Prog1\MundoVirtual_V3\MundoVirtual\Debug\cl.command.1.tlog
C:\OpenGL-Progs\Demo1Prog1\MundoVirtual_V3\MundoVirtual\Debug\CL.read.1.tlog
C:\OpenGL-Progs\Demo1Prog1\MundoVirtual_V3\MundoVirtual\Debug\CL.write.1.tlog
C:\OpenGL-Progs\Demo1Prog1\MundoVirtual_V3\MundoVirtual\Debug\link.5596.read.1.tlog
C:\OpenGL-Progs\Demo1Prog1\MundoVirtual_V3\MundoVirtual\Debug\link.5596.write.1.tlog
C:\OpenGL-Progs\Demo1Prog1\MundoVirtual_V3\MundoVirtual\Debug\link.5596-cvtres.read.1.tlog
C:\OpenGL-Progs\Demo1Prog1\MundoVirtual_V3\MundoVirtual\Debug\link.5596-cvtres.write.1.tlog
C:\OpenGL-Progs\Demo1Prog1\MundoVirtual_V3\MundoVirtual\Debug\link.5684.read.1.tlog
C:\OpenGL-Progs\Demo1Prog1\MundoVirtual_V3\MundoVirtual\Debug\link.5684.write.1.tlog
C:\OpenGL-Progs\Demo1Prog1\MundoVirtual_V3\MundoVirtual\Debug\link.5684-cvtres.read.1.tlog
C:\OpenGL-Progs\Demo1Prog1\MundoVirtual_V3\MundoVirtual\Debug\link.5684-cvtres.write.1.tlog
C:\OpenGL-Progs\Demo1Prog1\MundoVirtual_V3\MundoVirtual\Debug\link.7320.read.1.tlog
C:\OpenGL-Progs\Demo1Prog1\MundoVirtual_V3\MundoVirtual\Debug\link.7320.write.1.tlog
C:\OpenGL-Progs\Demo1Prog1\MundoVirtual_V3\MundoVirtual\Debug\link.7320-cvtres.read.1.tlog
C:\OpenGL-Progs\Demo1Prog1\MundoVirtual_V3\MundoVirtual\Debug\link.7320-cvtres.write.1.tlog
C:\OpenGL-Progs\Demo1Prog1\MundoVirtual_V3\MundoVirtual\Debug\link.7792.read.1.tlog
C:\OpenGL-Progs\Demo1Prog1\MundoVirtual_V3\MundoVirtual\Debug\link.7792.write.1.tlog
C:\OpenGL-Progs\Demo1Prog1\MundoVirtual_V3\MundoVirtual\Debug\link.7792-cvtres.read.1.tlog
C:\OpenGL-Progs\Demo1Prog1\MundoVirtual_V3\MundoVirtual\Debug\link.7792-cvtres.write.1.tlog
C:\OpenGL-Progs\Demo1Prog1\MundoVirtual_V3\MundoVirtual\Debug\link.8060.read.1.tlog
C:\OpenGL-Progs\Demo1Prog1\MundoVirtual_V3\MundoVirtual\Debug\link.8060.write.1.tlog
C:\OpenGL-Progs\Demo1Prog1\MundoVirtual_V3\MundoVirtual\Debug\link.8060-cvtres.read.1.tlog
C:\OpenGL-Progs\Demo1Prog1\MundoVirtual_V3\MundoVirtual\Debug\link.8060-cvtres.write.1.tlog
C:\OpenGL-Progs\Demo1Prog1\MundoVirtual_V3\MundoVirtual\Debug\link.8608.read.1.tlog
C:\OpenGL-Progs\Demo1Prog1\MundoVirtual_V3\MundoVirtual\Debug\link.8608.write.1.tlog
C:\OpenGL-Progs\Demo1Prog1\MundoVirtual_V3\MundoVirtual\Debug\link.8608-cvtres.read.1.tlog
C:\OpenGL-Progs\Demo1Prog1\MundoVirtual_V3\MundoVirtual\Debug\link.8608-cvtres.write.1.tlog
C:\OpenGL-Progs\Demo1Prog1\MundoVirtual_V3\MundoVirtual\Debug\link.command.1.tlog
C:\OpenGL-Progs\Demo1Prog1\MundoVirtual_V3\MundoVirtual\Debug\link.read.1.tlog
C:\OpenGL-Progs\Demo1Prog1\MundoVirtual_V3\MundoVirtual\Debug\link.write.1.tlog
C:\OpenGL-Progs\Demo1Prog1\MundoVirtual_V3\MundoVirtual\Debug\link-cvtres.read.1.tlog
C:\OpenGL-Progs\Demo1Prog1\MundoVirtual_V3\MundoVirtual\Debug\link-cvtres.write.1.tlog
C:\OpenGL-Progs\Demo1Prog1\MundoVirtual_V3\MundoVirtual\Debug\mt.command.1.tlog
C:\OpenGL-Progs\Demo1Prog1\MundoVirtual_V3\MundoVirtual\Debug\mt.read.1.tlog
C:\OpenGL-Progs\Demo1Prog1\MundoVirtual_V3\MundoVirtual\Debug\mt.write.1.tlog
C:\OpenGL-Progs\Demo1Prog1\MundoVirtual_V3\MundoVirtual\Debug\MundoVirtual.exe.embed.manifest
C:\OPENGL-PROGS\DEMO1PROG1\MUNDOVIRTUAL_V3\MUNDOVIRTUAL\DEBUG\MUNDOVIRTUAL.EXE.EMBED.MANIFEST.RES
C:\OPENGL-PROGS\DEMO1PROG1\MUNDOVIRTUAL_V3\MUNDOVIRTUAL\DEBUG\MUNDOVIRTUAL.EXE.INTERMEDIATE.MANIFEST
C:\OPENGL-PROGS\DEMO1PROG1\MUNDOVIRTUAL_V3\MUNDOVIRTUAL\DEBUG\MUNDOVIRTUAL.OBJ
C:\OpenGL-Progs\Demo1Prog1\MundoVirtual_V3\MundoVirtual\Debug\MundoVirtual.vcxprojResolveAssemblyReference.cache
C:\OpenGL-Progs\Demo1Prog1\MundoVirtual_V3\MundoVirtual\Debug\MundoVirtual.write.1.tlog
C:\OpenGL-Progs\Demo1Prog1\MundoVirtual_V3\MundoVirtual\Debug\MundoVirtual_manifest.rc
C:\OpenGL-Progs\Demo1Prog1\MundoVirtual_V3\MundoVirtual\Debug\rc.command.1.tlog
C:\OpenGL-Progs\Demo1Prog1\MundoVirtual_V3\MundoVirtual\Debug\rc.read.1.tlog
C:\OpenGL-Progs\Demo1Prog1\MundoVirtual_V3\MundoVirtual\Debug\rc.write.1.tlog
C:\OpenGL-Progs\Demo1Prog1\MundoVirtual_V3\MundoVirtual\Debug\vc100.idb
C:\OPENGL-PROGS\DEMO1PROG1\MUNDOVIRTUAL_V3\MUNDOVIRTUAL\DEBUG\VC100.PDB
C:\OPENGL-PROGS\MUNDOVIRTUAL_V3\MUNDOVIRTUAL_V3\DEBUG\MUNDOVIRTUAL.EXE
C:\OPENGL-PROGS\MUNDOVIRTUAL_V3\MUNDOVIRTUAL_V3\DEBUG\MUNDOVIRTUAL.ILK
C:\OPENGL-PROGS\MUNDOVIRTUAL_V3\MUNDOVIRTUAL_V3\DEBUG\MUNDOVIRTUAL.PDB
C:\OPENGL-PROGS\MUNDOVIRTUAL_V3\MUNDOVIRTUAL_V3\MUNDOVIRTUAL\DEBUG\MUNDOVIRTUAL.EXE.EMBED.MANIFEST.RES
C:\OPENGL-PROGS\MUNDOVIRTUAL_V3\MUNDOVIRTUAL_V3\MUNDOVIRTUAL\DEBUG\MUNDOVIRTUAL.EXE.INTERMEDIATE.MANIFEST
C:\OPENGL-PROGS\MUNDOVIRTUAL_V3\MUNDOVIRTUAL_V3\MUNDOVIRTUAL\DEBUG\MUNDOVIRTUAL.OBJ
C:\OPENGL-PROGS\MUNDOVIRTUAL_V3\MUNDOVIRTUAL_V3\MUNDOVIRTUAL\DEBUG\VC100.PDB
C:\RAFAEL\POOC++\ENEJUN2013\MUNDOVIRTUAL_V3\DEBUG\MUNDOVIRTUAL.EXE
C:\RAFAEL\POOC++\ENEJUN2013\MUNDOVIRTUAL_V3\DEBUG\MUNDOVIRTUAL.ILK
C:\RAFAEL\POOC++\ENEJUN2013\MUNDOVIRTUAL_V3\DEBUG\MUNDOVIRTUAL.PDB
C:\RAFAEL\POOC++\ENEJUN2013\MUNDOVIRTUAL_V3\MUNDOVIRTUAL\DEBUG\MUNDOVIRTUAL.EXE.EMBED.MANIFEST
C:\RAFAEL\POOC++\ENEJUN2013\MUNDOVIRTUAL_V3\MUNDOVIRTUAL\DEBUG\MUNDOVIRTUAL.EXE.EMBED.MANIFEST.RES
C:\RAFAEL\POOC++\ENEJUN2013\MUNDOVIRTUAL_V3\MUNDOVIRTUAL\DEBUG\MUNDOVIRTUAL.EXE.INTERMEDIATE.MANIFEST
C:\RAFAEL\POOC++\ENEJUN2013\MUNDOVIRTUAL_V3\MUNDOVIRTUAL\DEBUG\MUNDOVIRTUAL.OBJ
C:\RAFAEL\POOC++\ENEJUN2013\MUNDOVIRTUAL_V3\MUNDOVIRTUAL\DEBUG\VC100.PDB
